Arguments: 
  /usr/local/Cellar/node/12.5.0/bin/node /usr/local/bin/yarn add nigthwatch

PATH: 
  /Library/Java/JavaVirtualMachines/jdk1.8.0_40.jdk/Contents/Home/bin:/usr/local/bin:/usr/bin:/bin:/usr/sbin:/sbin:.

Yarn version: 
  1.16.0

Node version: 
  10.16.0

Platform: 
  darwin x64

Trace: 
  Error: https://registry.npm.taobao.org/nigthwatch: Not found
      at Request.params.callback [as _callback] (/usr/local/lib/node_modules/yarn/lib/cli.js:66091:18)
      at Request.self.callback (/usr/local/lib/node_modules/yarn/lib/cli.js:129590:22)
      at Request.emit (events.js:198:13)
      at Request.<anonymous> (/usr/local/lib/node_modules/yarn/lib/cli.js:130562:10)
      at Request.emit (events.js:198:13)
      at IncomingMessage.<anonymous> (/usr/local/lib/node_modules/yarn/lib/cli.js:130484:12)
      at Object.onceWrapper (events.js:286:20)
      at IncomingMessage.emit (events.js:203:15)
      at endReadableNT (_stream_readable.js:1129:12)
      at process._tickCallback (internal/process/next_tick.js:63:19)

npm manifest: 
  {
    "name": "nightwatch-test",
    "version": "1.0.0",
    "main": "index.js",
    "license": "MIT",
    "dependencies": {
      "chromedriver": "^75.1.0",
      "geckodriver": "^1.16.2",
      "nightwatch": "^1.1.13",
      "selenium-server": "^3.141.59"
    }
  }

yarn manifest: 
  No manifest

Lockfile: 
  # THIS IS AN AUTOGENERATED FILE. DO NOT EDIT THIS FILE DIRECTLY.
  # yarn lockfile v1
  
  
  "@types/events@*":
    version "3.0.0"
    resolved "https://registry.npm.taobao.org/@types/events/download/@types/events-3.0.0.tgz#2862f3f58a9a7f7c3e78d79f130dd4d71c25c2a7"
    integrity sha1-KGLz9Yqaf3w+eNefEw3U1xwlwqc=
  
  "@types/glob@^7.1.1":
    version "7.1.1"
    resolved "https://registry.npm.taobao.org/@types/glob/download/@types/glob-7.1.1.tgz?cache=0&other_urls=https%3A%2F%2Fregistry.npm.taobao.org%2F%40types%2Fglob%2Fdownload%2F%40types%2Fglob-7.1.1.tgz#aa59a1c6e3fbc421e07ccd31a944c30eba521575"
    integrity sha1-qlmhxuP7xCHgfM0xqUTDDrpSFXU=
    dependencies:
      "@types/events" "*"
      "@types/minimatch" "*"
      "@types/node" "*"
  
  "@types/minimatch@*":
    version "3.0.3"
    resolved "https://registry.npm.taobao.org/@types/minimatch/download/@types/minimatch-3.0.3.tgz#3dca0e3f33b200fc7d1139c0cd96c1268cadfd9d"
    integrity sha1-PcoOPzOyAPx9ETnAzZbBJoyt/Z0=
  
  "@types/node@*":
    version "12.6.3"
    resolved "https://registry.npm.taobao.org/@types/node/download/@types/node-12.6.3.tgz?cache=0&sync_timestamp=1563209482260&other_urls=https%3A%2F%2Fregistry.npm.taobao.org%2F%40types%2Fnode%2Fdownload%2F%40types%2Fnode-12.6.3.tgz#44d507c5634f85e7164707ca36bba21b5213d487"
    integrity sha1-RNUHxWNPhecWRwfKNruiG1IT1Ic=
  
  "@types/node@^8.0.7":
    version "8.10.50"
    resolved "https://registry.npm.taobao.org/@types/node/download/@types/node-8.10.50.tgz?cache=0&sync_timestamp=1563209482260&other_urls=https%3A%2F%2Fregistry.npm.taobao.org%2F%40types%2Fnode%2Fdownload%2F%40types%2Fnode-8.10.50.tgz#f3d68482b1f54b5f4fba8daaac385db12bb6a706"
    integrity sha1-89aEgrH1S19Puo2qrDhdsSu2pwY=
  
  adm-zip@0.4.11:
    version "0.4.11"
    resolved "https://registry.npm.taobao.org/adm-zip/download/adm-zip-0.4.11.tgz#2aa54c84c4b01a9d0fb89bb11982a51f13e3d62a"
    integrity sha1-KqVMhMSwGp0PuJuxGYKlHxPj1io=
  
  agent-base@4, agent-base@^4.1.0, agent-base@^4.2.0, agent-base@^4.3.0:
    version "4.3.0"
    resolved "https://registry.npm.taobao.org/agent-base/download/agent-base-4.3.0.tgz#8165f01c436009bccad0b1d122f05ed770efc6ee"
    integrity sha1-gWXwHENgCbzK0LHRIvBe13Dvxu4=
    dependencies:
      es6-promisify "^5.0.0"
  
  agent-base@~4.2.1:
    version "4.2.1"
    resolved "https://registry.npm.taobao.org/agent-base/download/agent-base-4.2.1.tgz#d89e5999f797875674c07d87f260fc41e83e8ca9"
    integrity sha1-2J5ZmfeXh1Z0wH2H8mD8Qeg+jKk=
    dependencies:
      es6-promisify "^5.0.0"
  
  ajv@^6.5.5:
    version "6.10.2"
    resolved "https://registry.npm.taobao.org/ajv/download/ajv-6.10.2.tgz?cache=0&sync_timestamp=1563113786760&other_urls=https%3A%2F%2Fregistry.npm.taobao.org%2Fajv%2Fdownload%2Fajv-6.10.2.tgz#d3cea04d6b017b2894ad69040fec8b623eb4bd52"
    integrity sha1-086gTWsBeyiUrWkED+yLYj60vVI=
    dependencies:
      fast-deep-equal "^2.0.1"
      fast-json-stable-stringify "^2.0.0"
      json-schema-traverse "^0.4.1"
      uri-js "^4.2.2"
  
  array-union@^1.0.1:
    version "1.0.2"
    resolved "https://registry.npm.taobao.org/array-union/download/array-union-1.0.2.tgz#9a34410e4f4e3da23dea375be5be70f24778ec39"
    integrity sha1-mjRBDk9OPaI96jdb5b5w8kd47Dk=
    dependencies:
      array-uniq "^1.0.1"
  
  array-uniq@^1.0.1:
    version "1.0.3"
    resolved "https://registry.npm.taobao.org/array-uniq/download/array-uniq-1.0.3.tgz#af6ac877a25cc7f74e058894753858dfdb24fdb6"
    integrity sha1-r2rId6Jcx/dOBYiUdThY39sk/bY=
  
  asn1@~0.2.3:
    version "0.2.4"
    resolved "https://registry.npm.taobao.org/asn1/download/asn1-0.2.4.tgz#8d2475dfab553bb33e77b54e59e880bb8ce23136"
    integrity sha1-jSR136tVO7M+d7VOWeiAu4ziMTY=
    dependencies:
      safer-buffer "~2.1.0"
  
  assert-plus@1.0.0, assert-plus@^1.0.0:
    version "1.0.0"
    resolved "https://registry.npm.taobao.org/assert-plus/download/assert-plus-1.0.0.tgz#f12e0f3c5d77b0b1cdd9146942e4e96c1e4dd525"
    integrity sha1-8S4PPF13sLHN2RRpQuTpbB5N1SU=
  
  assertion-error@1.0.0:
    version "1.0.0"
    resolved "https://registry.npm.taobao.org/assertion-error/download/assertion-error-1.0.0.tgz#c7f85438fdd466bc7ca16ab90c81513797a5d23b"
    integrity sha1-x/hUOP3UZrx8oWq5DIFRN5el0js=
  
  assertion-error@^1.1.0:
    version "1.1.0"
    resolved "https://registry.npm.taobao.org/assertion-error/download/assertion-error-1.1.0.tgz#e60b6b0e8f301bd97e5375215bda406c85118c0b"
    integrity sha1-5gtrDo8wG9l+U3UhW9pAbIURjAs=
  
  ast-types@0.x.x:
    version "0.13.2"
    resolved "https://registry.npm.taobao.org/ast-types/download/ast-types-0.13.2.tgz?cache=0&other_urls=https%3A%2F%2Fregistry.npm.taobao.org%2Fast-types%2Fdownload%2Fast-types-0.13.2.tgz#df39b677a911a83f3a049644fb74fdded23cea48"
    integrity sha1-3zm2d6kRqD86BJZE+3T93tI86kg=
  
  asynckit@^0.4.0:
    version "0.4.0"
    resolved "https://registry.npm.taobao.org/asynckit/download/asynckit-0.4.0.tgz#c79ed97f7f34cb8f2ba1bc9790bcc366474b4b79"
    integrity sha1-x57Zf380y48robyXkLzDZkdLS3k=
  
  aws-sign2@~0.7.0:
    version "0.7.0"
    resolved "https://registry.npm.taobao.org/aws-sign2/download/aws-sign2-0.7.0.tgz#b46e890934a9591f2d2f6f86d7e6a9f1b3fe76a8"
    integrity sha1-tG6JCTSpWR8tL2+G1+ap8bP+dqg=
  
  aws4@^1.8.0:
    version "1.8.0"
    resolved "https://registry.npm.taobao.org/aws4/download/aws4-1.8.0.tgz#f0e003d9ca9e7f59c7a508945d7b2ef9a04a542f"
    integrity sha1-8OAD2cqef1nHpQiUXXsu+aBKVC8=
  
  balanced-match@^1.0.0:
    version "1.0.0"
    resolved "https://registry.npm.taobao.org/balanced-match/download/balanced-match-1.0.0.tgz#89b4d199ab2bee49de164ea02b89ce462d71b767"
    integrity sha1-ibTRmasr7kneFk6gK4nORi1xt2c=
  
  bcrypt-pbkdf@^1.0.0:
    version "1.0.2"
    resolved "https://registry.npm.taobao.org/bcrypt-pbkdf/download/bcrypt-pbkdf-1.0.2.tgz#a4301d389b6a43f9b67ff3ca11a3f6637e360e9e"
    integrity sha1-pDAdOJtqQ/m2f/PKEaP2Y342Dp4=
    dependencies:
      tweetnacl "^0.14.3"
  
  bluebird@3.4.6:
    version "3.4.6"
    resolved "https://registry.npm.taobao.org/bluebird/download/bluebird-3.4.6.tgz#01da8d821d87813d158967e743d5fe6c62cf8c0f"
    integrity sha1-AdqNgh2HgT0ViWfnQ9X+bGLPjA8=
  
  brace-expansion@^1.1.7:
    version "1.1.11"
    resolved "https://registry.npm.taobao.org/brace-expansion/download/brace-expansion-1.1.11.tgz#3c7fcbf529d87226f3d2f52b966ff5271eb441dd"
    integrity sha1-PH/L9SnYcibz0vUrlm/1Jx60Qd0=
    dependencies:
      balanced-match "^1.0.0"
      concat-map "0.0.1"
  
  browser-stdout@1.3.1:
    version "1.3.1"
    resolved "https://registry.npm.taobao.org/browser-stdout/download/browser-stdout-1.3.1.tgz#baa559ee14ced73452229bad7326467c61fabd60"
    integrity sha1-uqVZ7hTO1zRSIputcyZGfGH6vWA=
  
  buffer-from@^1.0.0:
    version "1.1.1"
    resolved "https://registry.npm.taobao.org/buffer-from/download/buffer-from-1.1.1.tgz#32713bc028f75c02fdb710d7c7bcec1f2c6070ef"
    integrity sha1-MnE7wCj3XAL9txDXx7zsHyxgcO8=
  
  bytes@3.1.0:
    version "3.1.0"
    resolved "https://registry.npm.taobao.org/bytes/download/bytes-3.1.0.tgz?cache=0&other_urls=https%3A%2F%2Fregistry.npm.taobao.org%2Fbytes%2Fdownload%2Fbytes-3.1.0.tgz#f6cf7933a360e0588fa9fde85651cdc7f805d1f6"
    integrity sha1-9s95M6Ng4FiPqf3oVlHNx/gF0fY=
  
  capture-stack-trace@^1.0.0:
    version "1.0.1"
    resolved "https://registry.npm.taobao.org/capture-stack-trace/download/capture-stack-trace-1.0.1.tgz#a6c0bbe1f38f3aa0b92238ecb6ff42c344d4135d"
    integrity sha1-psC74fOPOqC5Ijjstv9Cw0TUE10=
  
  caseless@~0.12.0:
    version "0.12.0"
    resolved "https://registry.npm.taobao.org/caseless/download/caseless-0.12.0.tgz#1b681c21ff84033c826543090689420d187151dc"
    integrity sha1-G2gcIf+EAzyCZUMJBolCDRhxUdw=
  
  chai-nightwatch@^0.3.0:
    version "0.3.0"
    resolved "https://registry.npm.taobao.org/chai-nightwatch/download/chai-nightwatch-0.3.0.tgz#a3506a81942fbed6aed9e0a914ae32be187f9735"
    integrity sha1-o1BqgZQvvtau2eCpFK4yvhh/lzU=
    dependencies:
      assertion-error "1.0.0"
      deep-eql "0.1.3"
  
  chownr@^1.0.1:
    version "1.1.2"
    resolved "https://registry.npm.taobao.org/chownr/download/chownr-1.1.2.tgz#a18f1e0b269c8a6a5d3c86eb298beb14c3dd7bf6"
    integrity sha1-oY8eCyacimpdPIbrKYvrFMPde/Y=
  
  chromedriver@^75.1.0:
    version "75.1.0"
    resolved "https://registry.npm.taobao.org/chromedriver/download/chromedriver-75.1.0.tgz#edfef5d7a9b16b6f8a12ddb58cbac76ae52732fd"
    integrity sha1-7f7116mxa2+KEt21jLrHauUnMv0=
    dependencies:
      del "^4.1.1"
      extract-zip "^1.6.7"
      mkdirp "^0.5.1"
      request "^2.88.0"
      tcp-port-used "^1.0.1"
  
  co@^4.6.0:
    version "4.6.0"
    resolved "https://registry.npm.taobao.org/co/download/co-4.6.0.tgz#6ea6bdf3d853ae54ccb8e47bfa0bf3f9031fb184"
    integrity sha1-bqa989hTrlTMuOR7+gvz+QMfsYQ=
  
  combined-stream@^1.0.6, combined-stream@~1.0.6:
    version "1.0.8"
    resolved "https://registry.npm.taobao.org/combined-stream/download/combined-stream-1.0.8.tgz#c3d45a8b34fd730631a110a8a2520682b31d5a7f"
    integrity sha1-w9RaizT9cwYxoRCoolIGgrMdWn8=
    dependencies:
      delayed-stream "~1.0.0"
  
  commander@2.15.1:
    version "2.15.1"
    resolved "https://registry.npm.taobao.org/commander/download/commander-2.15.1.tgz#df46e867d0fc2aec66a34662b406a9ccafff5b0f"
    integrity sha1-30boZ9D8Kuxmo0ZitAapzK//Ww8=
  
  concat-map@0.0.1:
    version "0.0.1"
    resolved "https://registry.npm.taobao.org/concat-map/download/concat-map-0.0.1.tgz#d8a96bd77fd68df7793a73036a3ba0d5405d477b"
    integrity sha1-2Klr13/Wjfd5OnMDajug1UBdR3s=
  
  concat-stream@1.6.2:
    version "1.6.2"
    resolved "https://registry.npm.taobao.org/concat-stream/download/concat-stream-1.6.2.tgz#904bdf194cd3122fc675c77fc4ac3d4ff0fd1a34"
    integrity sha1-kEvfGUzTEi/Gdcd/xKw9T/D9GjQ=
    dependencies:
      buffer-from "^1.0.0"
      inherits "^2.0.3"
      readable-stream "^2.2.2"
      typedarray "^0.0.6"
  
  core-util-is@1.0.2, core-util-is@~1.0.0:
    version "1.0.2"
    resolved "https://registry.npm.taobao.org/core-util-is/download/core-util-is-1.0.2.tgz#b5fd54220aa2bc5ab57aab7140c940754503c1a7"
    integrity sha1-tf1UIgqivFq1eqtxQMlAdUUDwac=
  
  create-error-class@^3.0.1:
    version "3.0.2"
    resolved "https://registry.npm.taobao.org/create-error-class/download/create-error-class-3.0.2.tgz#06be7abef947a3f14a30fd610671d401bca8b7b6"
    integrity sha1-Br56vvlHo/FKMP1hBnHUAbyot7Y=
    dependencies:
      capture-stack-trace "^1.0.0"
  
  dashdash@^1.12.0:
    version "1.14.1"
    resolved "https://registry.npm.taobao.org/dashdash/download/dashdash-1.14.1.tgz#853cfa0f7cbe2fed5de20326b8dd581035f6e2f0"
    integrity sha1-hTz6D3y+L+1d4gMmuN1YEDX24vA=
    dependencies:
      assert-plus "^1.0.0"
  
  data-uri-to-buffer@2:
    version "2.0.1"
    resolved "https://registry.npm.taobao.org/data-uri-to-buffer/download/data-uri-to-buffer-2.0.1.tgz#ca8f56fe38b1fd329473e9d1b4a9afcd8ce1c045"
    integrity sha1-yo9W/jix/TKUc+nRtKmvzYzhwEU=
    dependencies:
      "@types/node" "^8.0.7"
  
  debug@2.6.9:
    version "2.6.9"
    resolved "https://registry.npm.taobao.org/debug/download/debug-2.6.9.tgz?cache=0&other_urls=https%3A%2F%2Fregistry.npm.taobao.org%2Fdebug%2Fdownload%2Fdebug-2.6.9.tgz#5d128515df134ff327e90a4c93f4e077a536341f"
    integrity sha1-XRKFFd8TT/Mn6QpMk/Tgd6U2NB8=
    dependencies:
      ms "2.0.0"
  
  debug@3.1.0:
    version "3.1.0"
    resolved "https://registry.npm.taobao.org/debug/download/debug-3.1.0.tgz?cache=0&other_urls=https%3A%2F%2Fregistry.npm.taobao.org%2Fdebug%2Fdownload%2Fdebug-3.1.0.tgz#5bb5a0672628b64149566ba16819e61518c67261"
    integrity sha1-W7WgZyYotkFJVmuhaBnmFRjGcmE=
    dependencies:
      ms "2.0.0"
  
  debug@4:
    version "4.1.1"
    resolved "https://registry.npm.taobao.org/debug/download/debug-4.1.1.tgz?cache=0&other_urls=https%3A%2F%2Fregistry.npm.taobao.org%2Fdebug%2Fdownload%2Fdebug-4.1.1.tgz#3b72260255109c6b589cee050f1d516139664791"
    integrity sha1-O3ImAlUQnGtYnO4FDx1RYTlmR5E=
    dependencies:
      ms "^2.1.1"
  
  debug@4.1.0:
    version "4.1.0"
    resolved "https://registry.npm.taobao.org/debug/download/debug-4.1.0.tgz?cache=0&other_urls=https%3A%2F%2Fregistry.npm.taobao.org%2Fdebug%2Fdownload%2Fdebug-4.1.0.tgz#373687bffa678b38b1cd91f861b63850035ddc87"
    integrity sha1-NzaHv/pnizixzZH4YbY4UANd3Ic=
    dependencies:
      ms "^2.1.1"
  
  debug@^3.1.0:
    version "3.2.6"
    resolved "https://registry.npm.taobao.org/debug/download/debug-3.2.6.tgz?cache=0&other_urls=https%3A%2F%2Fregistry.npm.taobao.org%2Fdebug%2Fdownload%2Fdebug-3.2.6.tgz#e83d17de16d8a7efb7717edbe5fb10135eee629b"
    integrity sha1-6D0X3hbYp++3cX7b5fsQE17uYps=
    dependencies:
      ms "^2.1.1"
  
  deep-eql@0.1.3:
    version "0.1.3"
    resolved "https://registry.npm.taobao.org/deep-eql/download/deep-eql-0.1.3.tgz#ef558acab8de25206cd713906d74e56930eb69f2"
    integrity sha1-71WKyrjeJSBs1xOQbXTlaTDrafI=
    dependencies:
      type-detect "0.1.1"
  
  deep-is@^0.1.3, deep-is@~0.1.3:
    version "0.1.3"
    resolved "https://registry.npm.taobao.org/deep-is/download/deep-is-0.1.3.tgz#b369d6fb5dbc13eecf524f91b070feedc357cf34"
    integrity sha1-s2nW+128E+7PUk+RsHD+7cNXzzQ=
  
  degenerator@^1.0.4:
    version "1.0.4"
    resolved "https://registry.npm.taobao.org/degenerator/download/degenerator-1.0.4.tgz#fcf490a37ece266464d9cc431ab98c5819ced095"
    integrity sha1-/PSQo37OJmRk2cxDGrmMWBnO0JU=
    dependencies:
      ast-types "0.x.x"
      escodegen "1.x.x"
      esprima "3.x.x"
  
  del@^4.1.1:
    version "4.1.1"
    resolved "https://registry.npm.taobao.org/del/download/del-4.1.1.tgz?cache=0&other_urls=https%3A%2F%2Fregistry.npm.taobao.org%2Fdel%2Fdownload%2Fdel-4.1.1.tgz#9e8f117222ea44a31ff3a156c049b99052a9f0b4"
    integrity sha1-no8RciLqRKMf86FWwEm5kFKp8LQ=
    dependencies:
      "@types/glob" "^7.1.1"
      globby "^6.1.0"
      is-path-cwd "^2.0.0"
      is-path-in-cwd "^2.0.0"
      p-map "^2.0.0"
      pify "^4.0.1"
      rimraf "^2.6.3"
  
  delayed-stream@~1.0.0:
    version "1.0.0"
    resolved "https://registry.npm.taobao.org/delayed-stream/download/delayed-stream-1.0.0.tgz#df3ae199acadfb7d440aaae0b29e2272b24ec619"
    integrity sha1-3zrhmayt+31ECqrgsp4icrJOxhk=
  
  depd@~1.1.2:
    version "1.1.2"
    resolved "https://registry.npm.taobao.org/depd/download/depd-1.1.2.tgz#9bcd52e14c097763e749b274c4346ed2e560b5a9"
    integrity sha1-m81S4UwJd2PnSbJ0xDRu0uVgtak=
  
  diff@3.5.0:
    version "3.5.0"
    resolved "https://registry.npm.taobao.org/diff/download/diff-3.5.0.tgz#800c0dd1e0a8bfbc95835c202ad220fe317e5a12"
    integrity sha1-gAwN0eCov7yVg1wgKtIg/jF+WhI=
  
  dotenv@7.0.0:
    version "7.0.0"
    resolved "https://registry.npm.taobao.org/dotenv/download/dotenv-7.0.0.tgz#a2be3cd52736673206e8a85fb5210eea29628e7c"
    integrity sha1-or481Sc2ZzIG6KhftSEO6ilijnw=
  
  duplexer2@^0.1.4:
    version "0.1.4"
    resolved "https://registry.npm.taobao.org/duplexer2/download/duplexer2-0.1.4.tgz#8b12dab878c0d69e3e7891051662a32fc6bddcc1"
    integrity sha1-ixLauHjA1p4+eJEFFmKjL8a93ME=
    dependencies:
      readable-stream "^2.0.2"
  
  ecc-jsbn@~0.1.1:
    version "0.1.2"
    resolved "https://registry.npm.taobao.org/ecc-jsbn/download/ecc-jsbn-0.1.2.tgz#3a83a904e54353287874c564b7549386849a98c9"
    integrity sha1-OoOpBOVDUyh4dMVkt1SThoSamMk=
    dependencies:
      jsbn "~0.1.0"
      safer-buffer "^2.1.0"
  
  ejs@^2.5.9:
    version "2.6.2"
    resolved "https://registry.npm.taobao.org/ejs/download/ejs-2.6.2.tgz?cache=0&other_urls=https%3A%2F%2Fregistry.npm.taobao.org%2Fejs%2Fdownload%2Fejs-2.6.2.tgz#3a32c63d1cd16d11266cd4703b14fec4e74ab4f6"
    integrity sha1-OjLGPRzRbREmbNRwOxT+xOdKtPY=
  
  error-ex@^1.2.0:
    version "1.3.2"
    resolved "https://registry.npm.taobao.org/error-ex/download/error-ex-1.3.2.tgz#b4ac40648107fdcdcfae242f428bea8a14d4f1bf"
    integrity sha1-tKxAZIEH/c3PriQvQovqihTU8b8=
    dependencies:
      is-arrayish "^0.2.1"
  
  es6-promise@^4.0.3:
    version "4.2.8"
    resolved "https://registry.npm.taobao.org/es6-promise/download/es6-promise-4.2.8.tgz#4eb21594c972bc40553d276e510539143db53e0a"
    integrity sha1-TrIVlMlyvEBVPSduUQU5FD21Pgo=
  
  es6-promisify@^5.0.0:
    version "5.0.0"
    resolved "https://registry.npm.taobao.org/es6-promisify/download/es6-promisify-5.0.0.tgz#5109d62f3e56ea967c4b63505aef08291c8a5203"
    integrity sha1-UQnWLz5W6pZ8S2NQWu8IKRyKUgM=
    dependencies:
      es6-promise "^4.0.3"
  
  escape-string-regexp@1.0.5:
    version "1.0.5"
    resolved "https://registry.npm.taobao.org/escape-string-regexp/download/escape-string-regexp-1.0.5.tgz?cache=0&other_urls=https%3A%2F%2Fregistry.npm.taobao.org%2Fescape-string-regexp%2Fdownload%2Fescape-string-regexp-1.0.5.tgz#1b61c0562190a8dff6ae3bb2cf0200ca130b86d4"
    integrity sha1-G2HAViGQqN/2rjuyzwIAyhMLhtQ=
  
  escodegen@1.x.x:
    version "1.11.1"
    resolved "https://registry.npm.taobao.org/escodegen/download/escodegen-1.11.1.tgz#c485ff8d6b4cdb89e27f4a856e91f118401ca510"
    integrity sha1-xIX/jWtM24nif0qFbpHxGEAcpRA=
    dependencies:
      esprima "^3.1.3"
      estraverse "^4.2.0"
      esutils "^2.0.2"
      optionator "^0.8.1"
    optionalDependencies:
      source-map "~0.6.1"
  
  esprima@3.x.x, esprima@^3.1.3:
    version "3.1.3"
    resolved "https://registry.npm.taobao.org/esprima/download/esprima-3.1.3.tgz#fdca51cee6133895e3c88d535ce49dbff62a4633"
    integrity sha1-/cpRzuYTOJXjyI1TXOSdv/YqRjM=
  
  estraverse@^4.2.0:
    version "4.2.0"
    resolved "https://registry.npm.taobao.org/estraverse/download/estraverse-4.2.0.tgz#0dee3fed31fcd469618ce7342099fc1afa0bdb13"
    integrity sha1-De4/7TH81GlhjOc0IJn8GvoL2xM=
  
  esutils@^2.0.2:
    version "2.0.2"
    resolved "https://registry.npm.taobao.org/esutils/download/esutils-2.0.2.tgz#0abf4f1caa5bcb1f7a9d8acc6dea4faaa04bac9b"
    integrity sha1-Cr9PHKpbyx96nYrMbepPqqBLrJs=
  
  extend@~3.0.2:
    version "3.0.2"
    resolved "https://registry.npm.taobao.org/extend/download/extend-3.0.2.tgz#f8b1136b4071fbd8eb140aff858b1019ec2915fa"
    integrity sha1-+LETa0Bx+9jrFAr/hYsQGewpFfo=
  
  extract-zip@^1.6.7:
    version "1.6.7"
    resolved "https://registry.npm.taobao.org/extract-zip/download/extract-zip-1.6.7.tgz#a840b4b8af6403264c8db57f4f1a74333ef81fe9"
    integrity sha1-qEC0uK9kAyZMjbV/Txp0Mz74H+k=
    dependencies:
      concat-stream "1.6.2"
      debug "2.6.9"
      mkdirp "0.5.1"
      yauzl "2.4.1"
  
  extsprintf@1.3.0:
    version "1.3.0"
    resolved "https://registry.npm.taobao.org/extsprintf/download/extsprintf-1.3.0.tgz#96918440e3041a7a414f8c52e3c574eb3c3e1e05"
    integrity sha1-lpGEQOMEGnpBT4xS48V06zw+HgU=
  
  extsprintf@^1.2.0:
    version "1.4.0"
    resolved "https://registry.npm.taobao.org/extsprintf/download/extsprintf-1.4.0.tgz#e2689f8f356fad62cca65a3a91c5df5f9551692f"
    integrity sha1-4mifjzVvrWLMplo6kcXfX5VRaS8=
  
  fast-deep-equal@^2.0.1:
    version "2.0.1"
    resolved "https://registry.npm.taobao.org/fast-deep-equal/download/fast-deep-equal-2.0.1.tgz?cache=0&other_urls=https%3A%2F%2Fregistry.npm.taobao.org%2Ffast-deep-equal%2Fdownload%2Ffast-deep-equal-2.0.1.tgz#7b05218ddf9667bf7f370bf7fdb2cb15fdd0aa49"
    integrity sha1-ewUhjd+WZ79/Nwv3/bLLFf3Qqkk=
  
  fast-json-stable-stringify@^2.0.0:
    version "2.0.0"
    resolved "https://registry.npm.taobao.org/fast-json-stable-stringify/download/fast-json-stable-stringify-2.0.0.tgz#d5142c0caee6b1189f87d3a76111064f86c8bbf2"
    integrity sha1-1RQsDK7msRifh9OnYREGT4bIu/I=
  
  fast-levenshtein@~2.0.4:
    version "2.0.6"
    resolved "https://registry.npm.taobao.org/fast-levenshtein/download/fast-levenshtein-2.0.6.tgz#3d8a5c66883a16a30ca8643e851f19baa7797917"
    integrity sha1-PYpcZog6FqMMqGQ+hR8Zuqd5eRc=
  
  fd-slicer@~1.0.1:
    version "1.0.1"
    resolved "https://registry.npm.taobao.org/fd-slicer/download/fd-slicer-1.0.1.tgz#8b5bcbd9ec327c5041bf9ab023fd6750f1177e65"
    integrity sha1-i1vL2ewyfFBBv5qwI/1nUPEXfmU=
    dependencies:
      pend "~1.2.0"
  
  file-uri-to-path@1:
    version "1.0.0"
    resolved "https://registry.npm.taobao.org/file-uri-to-path/download/file-uri-to-path-1.0.0.tgz#553a7b8446ff6f684359c445f1e37a05dacc33dd"
    integrity sha1-VTp7hEb/b2hDWcRF8eN6BdrMM90=
  
  forever-agent@~0.6.1:
    version "0.6.1"
    resolved "https://registry.npm.taobao.org/forever-agent/download/forever-agent-0.6.1.tgz#fbc71f0c41adeb37f96c577ad1ed42d8fdacca91"
    integrity sha1-+8cfDEGt6zf5bFd60e1C2P2sypE=
  
  form-data@~2.3.2:
    version "2.3.3"
    resolved "https://registry.npm.taobao.org/form-data/download/form-data-2.3.3.tgz?cache=0&sync_timestamp=1562216133657&other_urls=https%3A%2F%2Fregistry.npm.taobao.org%2Fform-data%2Fdownload%2Fform-data-2.3.3.tgz#dcce52c05f644f298c6a7ab936bd724ceffbf3a6"
    integrity sha1-3M5SwF9kTymManq5Nr1yTO/786Y=
    dependencies:
      asynckit "^0.4.0"
      combined-stream "^1.0.6"
      mime-types "^2.1.12"
  
  fs-minipass@^1.2.5:
    version "1.2.6"
    resolved "https://registry.npm.taobao.org/fs-minipass/download/fs-minipass-1.2.6.tgz#2c5cc30ded81282bfe8a0d7c7c1853ddeb102c07"
    integrity sha1-LFzDDe2BKCv+ig18fBhT3esQLAc=
    dependencies:
      minipass "^2.2.1"
  
  fs.realpath@^1.0.0:
    version "1.0.0"
    resolved "https://registry.npm.taobao.org/fs.realpath/download/fs.realpath-1.0.0.tgz#1504ad2523158caa40db4a2787cb01411994ea4f"
    integrity sha1-FQStJSMVjKpA20onh8sBQRmU6k8=
  
  ftp@~0.3.10:
    version "0.3.10"
    resolved "https://registry.npm.taobao.org/ftp/download/ftp-0.3.10.tgz#9197d861ad8142f3e63d5a83bfe4c59f7330885d"
    integrity sha1-kZfYYa2BQvPmPVqDv+TFn3MwiF0=
    dependencies:
      readable-stream "1.1.x"
      xregexp "2.0.0"
  
  geckodriver@^1.16.2:
    version "1.16.2"
    resolved "https://registry.npm.taobao.org/geckodriver/download/geckodriver-1.16.2.tgz#4766e6eb6835e9ec8797f1dce1966df2b3fb5985"
    integrity sha1-R2bm62g16eyHl/Hc4ZZt8rP7WYU=
    dependencies:
      adm-zip "0.4.11"
      bluebird "3.4.6"
      got "5.6.0"
      https-proxy-agent "2.2.1"
      tar "4.4.2"
  
  get-uri@^2.0.0:
    version "2.0.3"
    resolved "https://registry.npm.taobao.org/get-uri/download/get-uri-2.0.3.tgz#fa13352269781d75162c6fc813c9e905323fbab5"
    integrity sha1-+hM1Iml4HXUWLG/IE8npBTI/urU=
    dependencies:
      data-uri-to-buffer "2"
      debug "4"
      extend "~3.0.2"
      file-uri-to-path "1"
      ftp "~0.3.10"
      readable-stream "3"
  
  getpass@^0.1.1:
    version "0.1.7"
    resolved "https://registry.npm.taobao.org/getpass/download/getpass-0.1.7.tgz#5eff8e3e684d569ae4cb2b1282604e8ba62149fa"
    integrity sha1-Xv+OPmhNVprkyysSgmBOi6YhSfo=
    dependencies:
      assert-plus "^1.0.0"
  
  glob@7.1.2:
    version "7.1.2"
    resolved "https://registry.npm.taobao.org/glob/download/glob-7.1.2.tgz#c19c9df9a028702d678612384a6552404c636d15"
    integrity sha1-wZyd+aAocC1nhhI4SmVSQExjbRU=
    dependencies:
      fs.realpath "^1.0.0"
      inflight "^1.0.4"
      inherits "2"
      minimatch "^3.0.4"
      once "^1.3.0"
      path-is-absolute "^1.0.0"
  
  glob@^7.0.3, glob@^7.1.3:
    version "7.1.4"
    resolved "https://registry.npm.taobao.org/glob/download/glob-7.1.4.tgz#aa608a2f6c577ad357e1ae5a5c26d9a8d1969255"
    integrity sha1-qmCKL2xXetNX4a5aXCbZqNGWklU=
    dependencies:
      fs.realpath "^1.0.0"
      inflight "^1.0.4"
      inherits "2"
      minimatch "^3.0.4"
      once "^1.3.0"
      path-is-absolute "^1.0.0"
  
  globby@^6.1.0:
    version "6.1.0"
    resolved "https://registry.npm.taobao.org/globby/download/globby-6.1.0.tgz#f5a6d70e8395e21c858fb0489d64df02424d506c"
    integrity sha1-9abXDoOV4hyFj7BInWTfAkJNUGw=
    dependencies:
      array-union "^1.0.1"
      glob "^7.0.3"
      object-assign "^4.0.1"
      pify "^2.0.0"
      pinkie-promise "^2.0.0"
  
  got@5.6.0:
    version "5.6.0"
    resolved "https://registry.npm.taobao.org/got/download/got-5.6.0.tgz#bb1d7ee163b78082bbc8eb836f3f395004ea6fbf"
    integrity sha1-ux1+4WO3gIK7yOuDbz85UATqb78=
    dependencies:
      create-error-class "^3.0.1"
      duplexer2 "^0.1.4"
      is-plain-obj "^1.0.0"
      is-redirect "^1.0.0"
      is-retry-allowed "^1.0.0"
      is-stream "^1.0.0"
      lowercase-keys "^1.0.0"
      node-status-codes "^1.0.0"
      object-assign "^4.0.1"
      parse-json "^2.1.0"
      pinkie-promise "^2.0.0"
      read-all-stream "^3.0.0"
      readable-stream "^2.0.5"
      timed-out "^2.0.0"
      unzip-response "^1.0.0"
      url-parse-lax "^1.0.0"
  
  growl@1.10.5:
    version "1.10.5"
    resolved "https://registry.npm.taobao.org/growl/download/growl-1.10.5.tgz#f2735dc2283674fa67478b10181059355c369e5e"
    integrity sha1-8nNdwig2dPpnR4sQGBBZNVw2nl4=
  
  har-schema@^2.0.0:
    version "2.0.0"
    resolved "https://registry.npm.taobao.org/har-schema/download/har-schema-2.0.0.tgz#a94c2224ebcac04782a0d9035521f24735b7ec92"
    integrity sha1-qUwiJOvKwEeCoNkDVSHyRzW37JI=
  
  har-validator@~5.1.0:
    version "5.1.3"
    resolved "https://registry.npm.taobao.org/har-validator/download/har-validator-5.1.3.tgz#1ef89ebd3e4996557675eed9893110dc350fa080"
    integrity sha1-HvievT5JllV2de7ZiTEQ3DUPoIA=
    dependencies:
      ajv "^6.5.5"
      har-schema "^2.0.0"
  
  has-flag@^3.0.0:
    version "3.0.0"
    resolved "https://registry.npm.taobao.org/has-flag/download/has-flag-3.0.0.tgz#b5d454dc2199ae225699f3467e5a07f3b955bafd"
    integrity sha1-tdRU3CGZriJWmfNGfloH87lVuv0=
  
  he@1.1.1:
    version "1.1.1"
    resolved "https://registry.npm.taobao.org/he/download/he-1.1.1.tgz#93410fd21b009735151f8868c2f271f3427e23fd"
    integrity sha1-k0EP0hsAlzUVH4howvJx80J+I/0=
  
  http-errors@1.7.3:
    version "1.7.3"
    resolved "https://registry.npm.taobao.org/http-errors/download/http-errors-1.7.3.tgz#6c619e4f9c60308c38519498c14fbb10aacebb06"
    integrity sha1-bGGeT5xgMIw4UZSYwU+7EKrOuwY=
    dependencies:
      depd "~1.1.2"
      inherits "2.0.4"
      setprototypeof "1.1.1"
      statuses ">= 1.5.0 < 2"
      toidentifier "1.0.0"
  
  http-proxy-agent@^2.1.0:
    version "2.1.0"
    resolved "https://registry.npm.taobao.org/http-proxy-agent/download/http-proxy-agent-2.1.0.tgz#e4821beef5b2142a2026bd73926fe537631c5405"
    integrity sha1-5IIb7vWyFCogJr1zkm/lN2McVAU=
    dependencies:
      agent-base "4"
      debug "3.1.0"
  
  http-signature@~1.2.0:
    version "1.2.0"
    resolved "https://registry.npm.taobao.org/http-signature/download/http-signature-1.2.0.tgz#9aecd925114772f3d95b65a60abb8f7c18fbace1"
    integrity sha1-muzZJRFHcvPZW2WmCruPfBj7rOE=
    dependencies:
      assert-plus "^1.0.0"
      jsprim "^1.2.2"
      sshpk "^1.7.0"
  
  https-proxy-agent@2.2.1:
    version "2.2.1"
    resolved "https://registry.npm.taobao.org/https-proxy-agent/download/https-proxy-agent-2.2.1.tgz#51552970fa04d723e04c56d04178c3f92592bbc0"
    integrity sha1-UVUpcPoE1yPgTFbQQXjD+SWSu8A=
    dependencies:
      agent-base "^4.1.0"
      debug "^3.1.0"
  
  https-proxy-agent@^2.2.1:
    version "2.2.2"
    resolved "https://registry.npm.taobao.org/https-proxy-agent/download/https-proxy-agent-2.2.2.tgz#271ea8e90f836ac9f119daccd39c19ff7dfb0793"
    integrity sha1-Jx6o6Q+DasnxGdrM05wZ/337B5M=
    dependencies:
      agent-base "^4.3.0"
      debug "^3.1.0"
  
  iconv-lite@0.4.24:
    version "0.4.24"
    resolved "https://registry.npm.taobao.org/iconv-lite/download/iconv-lite-0.4.24.tgz#2022b4b25fbddc21d2f524974a474aafe733908b"
    integrity sha1-ICK0sl+93CHS9SSXSkdKr+czkIs=
    dependencies:
      safer-buffer ">= 2.1.2 < 3"
  
  inflight@^1.0.4:
    version "1.0.6"
    resolved "https://registry.npm.taobao.org/inflight/download/inflight-1.0.6.tgz#49bd6331d7d02d0c09bc910a1075ba8165b56df9"
    integrity sha1-Sb1jMdfQLQwJvJEKEHW6gWW1bfk=
    dependencies:
      once "^1.3.0"
      wrappy "1"
  
  inherits@2, inherits@2.0.4, inherits@^2.0.3, inherits@~2.0.1, inherits@~2.0.3:
    version "2.0.4"
    resolved "https://registry.npm.taobao.org/inherits/download/inherits-2.0.4.tgz#0fa2c64f932917c3433a0ded55363aae37416b7c"
    integrity sha1-D6LGT5MpF8NDOg3tVTY6rjdBa3w=
  
  ip-regex@^2.1.0:
    version "2.1.0"
    resolved "https://registry.npm.taobao.org/ip-regex/download/ip-regex-2.1.0.tgz#fa78bf5d2e6913c911ce9f819ee5146bb6d844e9"
    integrity sha1-+ni/XS5pE8kRzp+BnuUUa7bYROk=
  
  ip@^1.1.5:
    version "1.1.5"
    resolved "https://registry.npm.taobao.org/ip/download/ip-1.1.5.tgz#bdded70114290828c0a039e72ef25f5aaec4354a"
    integrity sha1-vd7XARQpCCjAoDnnLvJfWq7ENUo=
  
  is-arrayish@^0.2.1:
    version "0.2.1"
    resolved "https://registry.npm.taobao.org/is-arrayish/download/is-arrayish-0.2.1.tgz#77c99840527aa8ecb1a8ba697b80645a7a926a9d"
    integrity sha1-d8mYQFJ6qOyxqLppe4BkWnqSap0=
  
  is-path-cwd@^2.0.0:
    version "2.2.0"
    resolved "https://registry.npm.taobao.org/is-path-cwd/download/is-path-cwd-2.2.0.tgz?cache=0&sync_timestamp=1562347283002&other_urls=https%3A%2F%2Fregistry.npm.taobao.org%2Fis-path-cwd%2Fdownload%2Fis-path-cwd-2.2.0.tgz#67d43b82664a7b5191fd9119127eb300048a9fdb"
    integrity sha1-Z9Q7gmZKe1GR/ZEZEn6zAASKn9s=
  
  is-path-in-cwd@^2.0.0:
    version "2.1.0"
    resolved "https://registry.npm.taobao.org/is-path-in-cwd/download/is-path-in-cwd-2.1.0.tgz?cache=0&other_urls=https%3A%2F%2Fregistry.npm.taobao.org%2Fis-path-in-cwd%2Fdownload%2Fis-path-in-cwd-2.1.0.tgz#bfe2dca26c69f397265a4009963602935a053acb"
    integrity sha1-v+Lcomxp85cmWkAJljYCk1oFOss=
    dependencies:
      is-path-inside "^2.1.0"
  
  is-path-inside@^2.1.0:
    version "2.1.0"
    resolved "https://registry.npm.taobao.org/is-path-inside/download/is-path-inside-2.1.0.tgz#7c9810587d659a40d27bcdb4d5616eab059494b2"
    integrity sha1-fJgQWH1lmkDSe8201WFuqwWUlLI=
    dependencies:
      path-is-inside "^1.0.2"
  
  is-plain-obj@^1.0.0:
    version "1.1.0"
    resolved "https://registry.npm.taobao.org/is-plain-obj/download/is-plain-obj-1.1.0.tgz#71a50c8429dfca773c92a390a4a03b39fcd51d3e"
    integrity sha1-caUMhCnfync8kqOQpKA7OfzVHT4=
  
  is-redirect@^1.0.0:
    version "1.0.0"
    resolved "https://registry.npm.taobao.org/is-redirect/download/is-redirect-1.0.0.tgz#1d03dded53bd8db0f30c26e4f95d36fc7c87dc24"
    integrity sha1-HQPd7VO9jbDzDCbk+V02/HyH3CQ=
  
  is-retry-allowed@^1.0.0:
    version "1.1.0"
    resolved "https://registry.npm.taobao.org/is-retry-allowed/download/is-retry-allowed-1.1.0.tgz#11a060568b67339444033d0125a61a20d564fb34"
    integrity sha1-EaBgVotnM5REAz0BJaYaINVk+zQ=
  
  is-stream@^1.0.0:
    version "1.1.0"
    resolved "https://registry.npm.taobao.org/is-stream/download/is-stream-1.1.0.tgz#12d4a3dd4e68e0b79ceb8dbc84173ae80d91ca44"
    integrity sha1-EtSj3U5o4Lec6428hBc66A2RykQ=
  
  is-typedarray@~1.0.0:
    version "1.0.0"
    resolved "https://registry.npm.taobao.org/is-typedarray/download/is-typedarray-1.0.0.tgz#e479c80858df0c1b11ddda6940f96011fcda4a9a"
    integrity sha1-5HnICFjfDBsR3dppQPlgEfzaSpo=
  
  is-url@^1.2.2:
    version "1.2.4"
    resolved "https://registry.npm.taobao.org/is-url/download/is-url-1.2.4.tgz#04a4df46d28c4cff3d73d01ff06abeb318a1aa52"
    integrity sha1-BKTfRtKMTP89c9Af8Gq+sxihqlI=
  
  is2@2.0.1:
    version "2.0.1"
    resolved "https://registry.npm.taobao.org/is2/download/is2-2.0.1.tgz#8ac355644840921ce435d94f05d3a94634d3481a"
    integrity sha1-isNVZEhAkhzkNdlPBdOpRjTTSBo=
    dependencies:
      deep-is "^0.1.3"
      ip-regex "^2.1.0"
      is-url "^1.2.2"
  
  isarray@0.0.1:
    version "0.0.1"
    resolved "https://registry.npm.taobao.org/isarray/download/isarray-0.0.1.tgz?cache=0&sync_timestamp=1562592096220&other_urls=https%3A%2F%2Fregistry.npm.taobao.org%2Fisarray%2Fdownload%2Fisarray-0.0.1.tgz#8a18acfca9a8f4177e09abfc6038939b05d1eedf"
    integrity sha1-ihis/Kmo9Bd+Cav8YDiTmwXR7t8=
  
  isarray@~1.0.0:
    version "1.0.0"
    resolved "https://registry.npm.taobao.org/isarray/download/isarray-1.0.0.tgz?cache=0&sync_timestamp=1562592096220&other_urls=https%3A%2F%2Fregistry.npm.taobao.org%2Fisarray%2Fdownload%2Fisarray-1.0.0.tgz#bb935d48582cba168c06834957a54a3e07124f11"
    integrity sha1-u5NdSFgsuhaMBoNJV6VKPgcSTxE=
  
  isstream@~0.1.2:
    version "0.1.2"
    resolved "https://registry.npm.taobao.org/isstream/download/isstream-0.1.2.tgz#47e63f7af55afa6f92e1500e690eb8b8529c099a"
    integrity sha1-R+Y/evVa+m+S4VAOaQ64uFKcCZo=
  
  jsbn@~0.1.0:
    version "0.1.1"
    resolved "https://registry.npm.taobao.org/jsbn/download/jsbn-0.1.1.tgz#a5e654c2e5a2deb5f201d96cefbca80c0ef2f513"
    integrity sha1-peZUwuWi3rXyAdls77yoDA7y9RM=
  
  json-schema-traverse@^0.4.1:
    version "0.4.1"
    resolved "https://registry.npm.taobao.org/json-schema-traverse/download/json-schema-traverse-0.4.1.tgz#69f6a87d9513ab8bb8fe63bdb0979c448e684660"
    integrity sha1-afaofZUTq4u4/mO9sJecRI5oRmA=
  
  json-schema@0.2.3:
    version "0.2.3"
    resolved "https://registry.npm.taobao.org/json-schema/download/json-schema-0.2.3.tgz#b480c892e59a2f05954ce727bd3f2a4e882f9e13"
    integrity sha1-tIDIkuWaLwWVTOcnvT8qTogvnhM=
  
  json-stringify-safe@~5.0.1:
    version "5.0.1"
    resolved "https://registry.npm.taobao.org/json-stringify-safe/download/json-stringify-safe-5.0.1.tgz#1296a2d58fd45f19a0f6ce01d65701e2c735b6eb"
    integrity sha1-Epai1Y/UXxmg9s4B1lcB4sc1tus=
  
  jsprim@^1.2.2:
    version "1.4.1"
    resolved "https://registry.npm.taobao.org/jsprim/download/jsprim-1.4.1.tgz#313e66bc1e5cc06e438bc1b7499c2e5c56acb6a2"
    integrity sha1-MT5mvB5cwG5Di8G3SZwuXFastqI=
    dependencies:
      assert-plus "1.0.0"
      extsprintf "1.3.0"
      json-schema "0.2.3"
      verror "1.10.0"
  
  levn@~0.3.0:
    version "0.3.0"
    resolved "https://registry.npm.taobao.org/levn/download/levn-0.3.0.tgz#3b09924edf9f083c0490fdd4c0bc4421e04764ee"
    integrity sha1-OwmSTt+fCDwEkP3UwLxEIeBHZO4=
    dependencies:
      prelude-ls "~1.1.2"
      type-check "~0.3.2"
  
  lodash._arraycopy@^3.0.0:
    version "3.0.0"
    resolved "https://registry.npm.taobao.org/lodash._arraycopy/download/lodash._arraycopy-3.0.0.tgz#76e7b7c1f1fb92547374878a562ed06a3e50f6e1"
    integrity sha1-due3wfH7klRzdIeKVi7Qaj5Q9uE=
  
  lodash._arrayeach@^3.0.0:
    version "3.0.0"
    resolved "https://registry.npm.taobao.org/lodash._arrayeach/download/lodash._arrayeach-3.0.0.tgz#bab156b2a90d3f1bbd5c653403349e5e5933ef9e"
    integrity sha1-urFWsqkNPxu9XGU0AzSeXlkz754=
  
  lodash._baseassign@^3.0.0:
    version "3.2.0"
    resolved "https://registry.npm.taobao.org/lodash._baseassign/download/lodash._baseassign-3.2.0.tgz#8c38a099500f215ad09e59f1722fd0c52bfe0a4e"
    integrity sha1-jDigmVAPIVrQnlnxci/QxSv+Ck4=
    dependencies:
      lodash._basecopy "^3.0.0"
      lodash.keys "^3.0.0"
  
  lodash._baseclone@^3.0.0:
    version "3.3.0"
    resolved "https://registry.npm.taobao.org/lodash._baseclone/download/lodash._baseclone-3.3.0.tgz#303519bf6393fe7e42f34d8b630ef7794e3542b7"
    integrity sha1-MDUZv2OT/n5C802LYw73eU41Qrc=
    dependencies:
      lodash._arraycopy "^3.0.0"
      lodash._arrayeach "^3.0.0"
      lodash._baseassign "^3.0.0"
      lodash._basefor "^3.0.0"
      lodash.isarray "^3.0.0"
      lodash.keys "^3.0.0"
  
  lodash._basecopy@^3.0.0:
    version "3.0.1"
    resolved "https://registry.npm.taobao.org/lodash._basecopy/download/lodash._basecopy-3.0.1.tgz#8da0e6a876cf344c0ad8a54882111dd3c5c7ca36"
    integrity sha1-jaDmqHbPNEwK2KVIghEd08XHyjY=
  
  lodash._basefor@^3.0.0:
    version "3.0.3"
    resolved "https://registry.npm.taobao.org/lodash._basefor/download/lodash._basefor-3.0.3.tgz#7550b4e9218ef09fad24343b612021c79b4c20c2"
    integrity sha1-dVC06SGO8J+tJDQ7YSAhx5tMIMI=
  
  lodash._bindcallback@^3.0.0:
    version "3.0.1"
    resolved "https://registry.npm.taobao.org/lodash._bindcallback/download/lodash._bindcallback-3.0.1.tgz#e531c27644cf8b57a99e17ed95b35c748789392e"
    integrity sha1-5THCdkTPi1epnhftlbNcdIeJOS4=
  
  lodash._getnative@^3.0.0:
    version "3.9.1"
    resolved "https://registry.npm.taobao.org/lodash._getnative/download/lodash._getnative-3.9.1.tgz#570bc7dede46d61cdcde687d65d3eecbaa3aaff5"
    integrity sha1-VwvH3t5G1hzc3mh9ZdPuy6o6r/U=
  
  lodash._isiterateecall@^3.0.0:
    version "3.0.9"
    resolved "https://registry.npm.taobao.org/lodash._isiterateecall/download/lodash._isiterateecall-3.0.9.tgz#5203ad7ba425fae842460e696db9cf3e6aac057c"
    integrity sha1-UgOte6Ql+uhCRg5pbbnPPmqsBXw=
  
  lodash.clone@3.0.3:
    version "3.0.3"
    resolved "https://registry.npm.taobao.org/lodash.clone/download/lodash.clone-3.0.3.tgz?cache=0&other_urls=https%3A%2F%2Fregistry.npm.taobao.org%2Flodash.clone%2Fdownload%2Flodash.clone-3.0.3.tgz#84688c73d32b5a90ca25616963f189252a997043"
    integrity sha1-hGiMc9MrWpDKJWFpY/GJJSqZcEM=
    dependencies:
      lodash._baseclone "^3.0.0"
      lodash._bindcallback "^3.0.0"
      lodash._isiterateecall "^3.0.0"
  
  lodash.defaultsdeep@^4.6.0:
    version "4.6.1"
    resolved "https://registry.npm.taobao.org/lodash.defaultsdeep/download/lodash.defaultsdeep-4.6.1.tgz?cache=0&sync_timestamp=1562718178896&other_urls=https%3A%2F%2Fregistry.npm.taobao.org%2Flodash.defaultsdeep%2Fdownload%2Flodash.defaultsdeep-4.6.1.tgz#512e9bd721d272d94e3d3a63653fa17516741ca6"
    integrity sha1-US6b1yHSctlOPTpjZT+hdRZ0HKY=
  
  lodash.isarguments@^3.0.0:
    version "3.1.0"
    resolved "https://registry.npm.taobao.org/lodash.isarguments/download/lodash.isarguments-3.1.0.tgz#2f573d85c6a24289ff00663b491c1d338ff3458a"
    integrity sha1-L1c9hcaiQon/AGY7SRwdM4/zRYo=
  
  lodash.isarray@^3.0.0:
    version "3.0.4"
    resolved "https://registry.npm.taobao.org/lodash.isarray/download/lodash.isarray-3.0.4.tgz#79e4eb88c36a8122af86f844aa9bcd851b5fbb55"
    integrity sha1-eeTriMNqgSKvhvhEqpvNhRtfu1U=
  
  lodash.keys@^3.0.0:
    version "3.1.2"
    resolved "https://registry.npm.taobao.org/lodash.keys/download/lodash.keys-3.1.2.tgz#4dbc0472b156be50a0b286855d1bd0b0c656098a"
    integrity sha1-TbwEcrFWvlCgsoaFXRvQsMZWCYo=
    dependencies:
      lodash._getnative "^3.0.0"
      lodash.isarguments "^3.0.0"
      lodash.isarray "^3.0.0"
  
  lodash.merge@^4.6.1:
    version "4.6.2"
    resolved "https://registry.npm.taobao.org/lodash.merge/download/lodash.merge-4.6.2.tgz?cache=0&other_urls=https%3A%2F%2Fregistry.npm.taobao.org%2Flodash.merge%2Fdownload%2Flodash.merge-4.6.2.tgz#558aa53b43b661e1925a0afdfa36a9a1085fe57a"
    integrity sha1-VYqlO0O2YeGSWgr9+japoQhf5Xo=
  
  lowercase-keys@^1.0.0:
    version "1.0.1"
    resolved "https://registry.npm.taobao.org/lowercase-keys/download/lowercase-keys-1.0.1.tgz#6f9e30b47084d971a7c820ff15a6c5167b74c26f"
    integrity sha1-b54wtHCE2XGnyCD/FabFFnt0wm8=
  
  lru-cache@^4.1.2:
    version "4.1.5"
    resolved "https://registry.npm.taobao.org/lru-cache/download/lru-cache-4.1.5.tgz#8bbe50ea85bed59bc9e33dcab8235ee9bcf443cd"
    integrity sha1-i75Q6oW+1ZvJ4z3KuCNe6bz0Q80=
    dependencies:
      pseudomap "^1.0.2"
      yallist "^2.1.2"
  
  mime-db@1.40.0:
    version "1.40.0"
    resolved "https://registry.npm.taobao.org/mime-db/download/mime-db-1.40.0.tgz#a65057e998db090f732a68f6c276d387d4126c32"
    integrity sha1-plBX6ZjbCQ9zKmj2wnbTh9QSbDI=
  
  mime-types@^2.1.12, mime-types@~2.1.19:
    version "2.1.24"
    resolved "https://registry.npm.taobao.org/mime-types/download/mime-types-2.1.24.tgz#b6f8d0b3e951efb77dedeca194cff6d16f676f81"
    integrity sha1-tvjQs+lR77d97eyhlM/20W9nb4E=
    dependencies:
      mime-db "1.40.0"
  
  minimatch@3.0.4, minimatch@^3.0.4:
    version "3.0.4"
    resolved "https://registry.npm.taobao.org/minimatch/download/minimatch-3.0.4.tgz?cache=0&other_urls=https%3A%2F%2Fregistry.npm.taobao.org%2Fminimatch%2Fdownload%2Fminimatch-3.0.4.tgz#5166e286457f03306064be5497e8dbb0c3d32083"
    integrity sha1-UWbihkV/AzBgZL5Ul+jbsMPTIIM=
    dependencies:
      brace-expansion "^1.1.7"
  
  minimist@0.0.8:
    version "0.0.8"
    resolved "https://registry.npm.taobao.org/minimist/download/minimist-0.0.8.tgz#857fcabfc3397d2625b8228262e86aa7a011b05d"
    integrity sha1-hX/Kv8M5fSYluCKCYuhqp6ARsF0=
  
  minimist@~0.0.1:
    version "0.0.10"
    resolved "https://registry.npm.taobao.org/minimist/download/minimist-0.0.10.tgz#de3f98543dbf96082be48ad1a0c7cda836301dcf"
    integrity sha1-3j+YVD2/lggr5IrRoMfNqDYwHc8=
  
  minipass@^2.2.1, minipass@^2.2.4:
    version "2.3.5"
    resolved "https://registry.npm.taobao.org/minipass/download/minipass-2.3.5.tgz#cacebe492022497f656b0f0f51e2682a9ed2d848"
    integrity sha1-ys6+SSAiSX9law8PUeJoKp7S2Eg=
    dependencies:
      safe-buffer "^5.1.2"
      yallist "^3.0.0"
  
  minizlib@^1.1.0:
    version "1.2.1"
    resolved "https://registry.npm.taobao.org/minizlib/download/minizlib-1.2.1.tgz#dd27ea6136243c7c880684e8672bb3a45fd9b614"
    integrity sha1-3SfqYTYkPHyIBoToZyuzpF/ZthQ=
    dependencies:
      minipass "^2.2.1"
  
  mkdirp@0.5.1, mkdirp@^0.5.0, mkdirp@^0.5.1:
    version "0.5.1"
    resolved "https://registry.npm.taobao.org/mkdirp/download/mkdirp-0.5.1.tgz#30057438eac6cf7f8c4767f38648d6697d75c903"
    integrity sha1-MAV0OOrGz3+MR2fzhkjWaX11yQM=
    dependencies:
      minimist "0.0.8"
  
  mkpath@1.0.0:
    version "1.0.0"
    resolved "https://registry.npm.taobao.org/mkpath/download/mkpath-1.0.0.tgz#ebb3a977e7af1c683ae6fda12b545a6ba6c5853d"
    integrity sha1-67Opd+evHGg65v2hK1Raa6bFhT0=
  
  mocha@^5.2.0:
    version "5.2.0"
    resolved "https://registry.npm.taobao.org/mocha/download/mocha-5.2.0.tgz#6d8ae508f59167f940f2b5b3c4a612ae50c90ae6"
    integrity sha1-bYrlCPWRZ/lA8rWzxKYSrlDJCuY=
    dependencies:
      browser-stdout "1.3.1"
      commander "2.15.1"
      debug "3.1.0"
      diff "3.5.0"
      escape-string-regexp "1.0.5"
      glob "7.1.2"
      growl "1.10.5"
      he "1.1.1"
      minimatch "3.0.4"
      mkdirp "0.5.1"
      supports-color "5.4.0"
  
  ms@2.0.0:
    version "2.0.0"
    resolved "https://registry.npm.taobao.org/ms/download/ms-2.0.0.tgz#5608aeadfc00be6c2901df5f9861788de0d597c8"
    integrity sha1-VgiurfwAvmwpAd9fmGF4jeDVl8g=
  
  ms@^2.1.1:
    version "2.1.2"
    resolved "https://registry.npm.taobao.org/ms/download/ms-2.1.2.tgz#d09d1f357b443f493382a8eb3ccd183872ae6009"
    integrity sha1-0J0fNXtEP0kzgqjrPM0YOHKuYAk=
  
  netmask@^1.0.6:
    version "1.0.6"
    resolved "https://registry.npm.taobao.org/netmask/download/netmask-1.0.6.tgz#20297e89d86f6f6400f250d9f4f6b4c1945fcd35"
    integrity sha1-ICl+idhvb2QA8lDZ9Pa0wZRfzTU=
  
  nightwatch@^1.1.13:
    version "1.1.13"
    resolved "https://registry.npm.taobao.org/nightwatch/download/nightwatch-1.1.13.tgz#3aaeed6be74e7cf8f53c920a84bdd4ba954f666c"
    integrity sha1-Oq7ta+dOfPj1PJIKhL3UupVPZmw=
    dependencies:
      assertion-error "^1.1.0"
      chai-nightwatch "^0.3.0"
      dotenv "7.0.0"
      ejs "^2.5.9"
      lodash.clone "3.0.3"
      lodash.defaultsdeep "^4.6.0"
      lodash.merge "^4.6.1"
      minimatch "3.0.4"
      mkpath "1.0.0"
      optimist "^0.6.1"
      proxy-agent "^3.0.0"
    optionalDependencies:
      mocha "^5.2.0"
  
  node-status-codes@^1.0.0:
    version "1.0.0"
    resolved "https://registry.npm.taobao.org/node-status-codes/download/node-status-codes-1.0.0.tgz#5ae5541d024645d32a58fcddc9ceecea7ae3ac2f"
    integrity sha1-WuVUHQJGRdMqWPzdyc7s6nrjrC8=
  
  oauth-sign@~0.9.0:
    version "0.9.0"
    resolved "https://registry.npm.taobao.org/oauth-sign/download/oauth-sign-0.9.0.tgz#47a7b016baa68b5fa0ecf3dee08a85c679ac6455"
    integrity sha1-R6ewFrqmi1+g7PPe4IqFxnmsZFU=
  
  object-assign@^4.0.1:
    version "4.1.1"
    resolved "https://registry.npm.taobao.org/object-assign/download/object-assign-4.1.1.tgz#2109adc7965887cfc05cbbd442cac8bfbb360863"
    integrity sha1-IQmtx5ZYh8/AXLvUQsrIv7s2CGM=
  
  once@^1.3.0:
    version "1.4.0"
    resolved "https://registry.npm.taobao.org/once/download/once-1.4.0.tgz#583b1aa775961d4b113ac17d9c50baef9dd76bd1"
    integrity sha1-WDsap3WWHUsROsF9nFC6753Xa9E=
    dependencies:
      wrappy "1"
  
  optimist@^0.6.1:
    version "0.6.1"
    resolved "https://registry.npm.taobao.org/optimist/download/optimist-0.6.1.tgz#da3ea74686fa21a19a111c326e90eb15a0196686"
    integrity sha1-2j6nRob6IaGaERwybpDrFaAZZoY=
    dependencies:
      minimist "~0.0.1"
      wordwrap "~0.0.2"
  
  optionator@^0.8.1:
    version "0.8.2"
    resolved "https://registry.npm.taobao.org/optionator/download/optionator-0.8.2.tgz#364c5e409d3f4d6301d6c0b4c05bba50180aeb64"
    integrity sha1-NkxeQJ0/TWMB1sC0wFu6UBgK62Q=
    dependencies:
      deep-is "~0.1.3"
      fast-levenshtein "~2.0.4"
      levn "~0.3.0"
      prelude-ls "~1.1.2"
      type-check "~0.3.2"
      wordwrap "~1.0.0"
  
  p-map@^2.0.0:
    version "2.1.0"
    resolved "https://registry.npm.taobao.org/p-map/download/p-map-2.1.0.tgz?cache=0&sync_timestamp=1563032875018&other_urls=https%3A%2F%2Fregistry.npm.taobao.org%2Fp-map%2Fdownload%2Fp-map-2.1.0.tgz#310928feef9c9ecc65b68b17693018a665cea175"
    integrity sha1-MQko/u+cnsxltosXaTAYpmXOoXU=
  
  pac-proxy-agent@^3.0.0:
    version "3.0.0"
    resolved "https://registry.npm.taobao.org/pac-proxy-agent/download/pac-proxy-agent-3.0.0.tgz#11d578b72a164ad74bf9d5bac9ff462a38282432"
    integrity sha1-EdV4tyoWStdL+dW6yf9GKjgoJDI=
    dependencies:
      agent-base "^4.2.0"
      debug "^3.1.0"
      get-uri "^2.0.0"
      http-proxy-agent "^2.1.0"
      https-proxy-agent "^2.2.1"
      pac-resolver "^3.0.0"
      raw-body "^2.2.0"
      socks-proxy-agent "^4.0.1"
  
  pac-resolver@^3.0.0:
    version "3.0.0"
    resolved "https://registry.npm.taobao.org/pac-resolver/download/pac-resolver-3.0.0.tgz#6aea30787db0a891704deb7800a722a7615a6f26"
    integrity sha1-auoweH2wqJFwTet4AKcip2FabyY=
    dependencies:
      co "^4.6.0"
      degenerator "^1.0.4"
      ip "^1.1.5"
      netmask "^1.0.6"
      thunkify "^2.1.2"
  
  parse-json@^2.1.0:
    version "2.2.0"
    resolved "https://registry.npm.taobao.org/parse-json/download/parse-json-2.2.0.tgz#f480f40434ef80741f8469099f8dea18f55a4dc9"
    integrity sha1-9ID0BDTvgHQfhGkJn43qGPVaTck=
    dependencies:
      error-ex "^1.2.0"
  
  path-is-absolute@^1.0.0:
    version "1.0.1"
    resolved "https://registry.npm.taobao.org/path-is-absolute/download/path-is-absolute-1.0.1.tgz#174b9268735534ffbc7ace6bf53a5a9e1b5c5f5f"
    integrity sha1-F0uSaHNVNP+8es5r9TpanhtcX18=
  
  path-is-inside@^1.0.2:
    version "1.0.2"
    resolved "https://registry.npm.taobao.org/path-is-inside/download/path-is-inside-1.0.2.tgz#365417dede44430d1c11af61027facf074bdfc53"
    integrity sha1-NlQX3t5EQw0cEa9hAn+s8HS9/FM=
  
  pend@~1.2.0:
    version "1.2.0"
    resolved "https://registry.npm.taobao.org/pend/download/pend-1.2.0.tgz#7a57eb550a6783f9115331fcf4663d5c8e007a50"
    integrity sha1-elfrVQpng/kRUzH89GY9XI4AelA=
  
  performance-now@^2.1.0:
    version "2.1.0"
    resolved "https://registry.npm.taobao.org/performance-now/download/performance-now-2.1.0.tgz#6309f4e0e5fa913ec1c69307ae364b4b377c9e7b"
    integrity sha1-Ywn04OX6kT7BxpMHrjZLSzd8nns=
  
  pify@^2.0.0:
    version "2.3.0"
    resolved "https://registry.npm.taobao.org/pify/download/pify-2.3.0.tgz#ed141a6ac043a849ea588498e7dca8b15330e90c"
    integrity sha1-7RQaasBDqEnqWISY59yosVMw6Qw=
  
  pify@^4.0.1:
    version "4.0.1"
    resolved "https://registry.npm.taobao.org/pify/download/pify-4.0.1.tgz#4b2cd25c50d598735c50292224fd8c6df41e3231"
    integrity sha1-SyzSXFDVmHNcUCkiJP2MbfQeMjE=
  
  pinkie-promise@^2.0.0:
    version "2.0.1"
    resolved "https://registry.npm.taobao.org/pinkie-promise/download/pinkie-promise-2.0.1.tgz#2135d6dfa7a358c069ac9b178776288228450ffa"
    integrity sha1-ITXW36ejWMBprJsXh3YogihFD/o=
    dependencies:
      pinkie "^2.0.0"
  
  pinkie@^2.0.0:
    version "2.0.4"
    resolved "https://registry.npm.taobao.org/pinkie/download/pinkie-2.0.4.tgz#72556b80cfa0d48a974e80e77248e80ed4f7f870"
    integrity sha1-clVrgM+g1IqXToDnckjoDtT3+HA=
  
  prelude-ls@~1.1.2:
    version "1.1.2"
    resolved "https://registry.npm.taobao.org/prelude-ls/download/prelude-ls-1.1.2.tgz#21932a549f5e52ffd9a827f570e04be62a97da54"
    integrity sha1-IZMqVJ9eUv/ZqCf1cOBL5iqX2lQ=
  
  prepend-http@^1.0.1:
    version "1.0.4"
    resolved "https://registry.npm.taobao.org/prepend-http/download/prepend-http-1.0.4.tgz#d4f4562b0ce3696e41ac52d0e002e57a635dc6dc"
    integrity sha1-1PRWKwzjaW5BrFLQ4ALlemNdxtw=
  
  process-nextick-args@~2.0.0:
    version "2.0.1"
    resolved "https://registry.npm.taobao.org/process-nextick-args/download/process-nextick-args-2.0.1.tgz#7820d9b16120cc55ca9ae7792680ae7dba6d7fe2"
    integrity sha1-eCDZsWEgzFXKmud5JoCufbptf+I=
  
  proxy-agent@^3.0.0:
    version "3.1.0"
    resolved "https://registry.npm.taobao.org/proxy-agent/download/proxy-agent-3.1.0.tgz#3cf86ee911c94874de4359f37efd9de25157c113"
    integrity sha1-PPhu6RHJSHTeQ1nzfv2d4lFXwRM=
    dependencies:
      agent-base "^4.2.0"
      debug "^3.1.0"
      http-proxy-agent "^2.1.0"
      https-proxy-agent "^2.2.1"
      lru-cache "^4.1.2"
      pac-proxy-agent "^3.0.0"
      proxy-from-env "^1.0.0"
      socks-proxy-agent "^4.0.1"
  
  proxy-from-env@^1.0.0:
    version "1.0.0"
    resolved "https://registry.npm.taobao.org/proxy-from-env/download/proxy-from-env-1.0.0.tgz#33c50398f70ea7eb96d21f7b817630a55791c7ee"
    integrity sha1-M8UDmPcOp+uW0h97gXYwpVeRx+4=
  
  pseudomap@^1.0.2:
    version "1.0.2"
    resolved "https://registry.npm.taobao.org/pseudomap/download/pseudomap-1.0.2.tgz#f052a28da70e618917ef0a8ac34c1ae5a68286b3"
    integrity sha1-8FKijacOYYkX7wqKw0wa5aaChrM=
  
  psl@^1.1.24:
    version "1.2.0"
    resolved "https://registry.npm.taobao.org/psl/download/psl-1.2.0.tgz#df12b5b1b3a30f51c329eacbdef98f3a6e136dc6"
    integrity sha1-3xK1sbOjD1HDKerL3vmPOm4TbcY=
  
  punycode@^1.4.1:
    version "1.4.1"
    resolved "https://registry.npm.taobao.org/punycode/download/punycode-1.4.1.tgz#c0d5a63b2718800ad8e1eb0fa5269c84dd41845e"
    integrity sha1-wNWmOycYgArY4esPpSachN1BhF4=
  
  punycode@^2.1.0:
    version "2.1.1"
    resolved "https://registry.npm.taobao.org/punycode/download/punycode-2.1.1.tgz#b58b010ac40c22c5657616c8d2c2c02c7bf479ec"
    integrity sha1-tYsBCsQMIsVldhbI0sLALHv0eew=
  
  qs@~6.5.2:
    version "6.5.2"
    resolved "https://registry.npm.taobao.org/qs/download/qs-6.5.2.tgz#cb3ae806e8740444584ef154ce8ee98d403f3e36"
    integrity sha1-yzroBuh0BERYTvFUzo7pjUA/PjY=
  
  raw-body@^2.2.0:
    version "2.4.1"
    resolved "https://registry.npm.taobao.org/raw-body/download/raw-body-2.4.1.tgz#30ac82f98bb5ae8c152e67149dac8d55153b168c"
    integrity sha1-MKyC+Yu1rowVLmcUnayNVRU7Fow=
    dependencies:
      bytes "3.1.0"
      http-errors "1.7.3"
      iconv-lite "0.4.24"
      unpipe "1.0.0"
  
  read-all-stream@^3.0.0:
    version "3.1.0"
    resolved "https://registry.npm.taobao.org/read-all-stream/download/read-all-stream-3.1.0.tgz#35c3e177f2078ef789ee4bfafa4373074eaef4fa"
    integrity sha1-NcPhd/IHjveJ7kv6+kNzB06u9Po=
    dependencies:
      pinkie-promise "^2.0.0"
      readable-stream "^2.0.0"
  
  readable-stream@1.1.x:
    version "1.1.14"
    resolved "https://registry.npm.taobao.org/readable-stream/download/readable-stream-1.1.14.tgz#7cf4c54ef648e3813084c636dd2079e166c081d9"
    integrity sha1-fPTFTvZI44EwhMY23SB54WbAgdk=
    dependencies:
      core-util-is "~1.0.0"
      inherits "~2.0.1"
      isarray "0.0.1"
      string_decoder "~0.10.x"
  
  readable-stream@3:
    version "3.4.0"
    resolved "https://registry.npm.taobao.org/readable-stream/download/readable-stream-3.4.0.tgz#a51c26754658e0a3c21dbf59163bd45ba6f447fc"
    integrity sha1-pRwmdUZY4KPCHb9ZFjvUW6b0R/w=
    dependencies:
      inherits "^2.0.3"
      string_decoder "^1.1.1"
      util-deprecate "^1.0.1"
  
  readable-stream@^2.0.0, readable-stream@^2.0.2, readable-stream@^2.0.5, readable-stream@^2.2.2:
    version "2.3.6"
    resolved "https://registry.npm.taobao.org/readable-stream/download/readable-stream-2.3.6.tgz#b11c27d88b8ff1fbe070643cf94b0c79ae1b0aaf"
    integrity sha1-sRwn2IuP8fvgcGQ8+UsMea4bCq8=
    dependencies:
      core-util-is "~1.0.0"
      inherits "~2.0.3"
      isarray "~1.0.0"
      process-nextick-args "~2.0.0"
      safe-buffer "~5.1.1"
      string_decoder "~1.1.1"
      util-deprecate "~1.0.1"
  
  request@^2.88.0:
    version "2.88.0"
    resolved "https://registry.npm.taobao.org/request/download/request-2.88.0.tgz#9c2fca4f7d35b592efe57c7f0a55e81052124fef"
    integrity sha1-nC/KT301tZLv5Xx/ClXoEFIST+8=
    dependencies:
      aws-sign2 "~0.7.0"
      aws4 "^1.8.0"
      caseless "~0.12.0"
      combined-stream "~1.0.6"
      extend "~3.0.2"
      forever-agent "~0.6.1"
      form-data "~2.3.2"
      har-validator "~5.1.0"
      http-signature "~1.2.0"
      is-typedarray "~1.0.0"
      isstream "~0.1.2"
      json-stringify-safe "~5.0.1"
      mime-types "~2.1.19"
      oauth-sign "~0.9.0"
      performance-now "^2.1.0"
      qs "~6.5.2"
      safe-buffer "^5.1.2"
      tough-cookie "~2.4.3"
      tunnel-agent "^0.6.0"
      uuid "^3.3.2"
  
  rimraf@^2.6.3:
    version "2.6.3"
    resolved "https://registry.npm.taobao.org/rimraf/download/rimraf-2.6.3.tgz?cache=0&other_urls=https%3A%2F%2Fregistry.npm.taobao.org%2Frimraf%2Fdownload%2Frimraf-2.6.3.tgz#b2d104fe0d8fb27cf9e0a1cda8262dd3833c6cab"
    integrity sha1-stEE/g2Psnz54KHNqCYt04M8bKs=
    dependencies:
      glob "^7.1.3"
  
  safe-buffer@^5.0.1, safe-buffer@^5.1.2:
    version "5.2.0"
    resolved "https://registry.npm.taobao.org/safe-buffer/download/safe-buffer-5.2.0.tgz#b74daec49b1148f88c64b68d49b1e815c1f2f519"
    integrity sha1-t02uxJsRSPiMZLaNSbHoFcHy9Rk=
  
  safe-buffer@~5.1.0, safe-buffer@~5.1.1:
    version "5.1.2"
    resolved "https://registry.npm.taobao.org/safe-buffer/download/safe-buffer-5.1.2.tgz#991ec69d296e0313747d59bdfd2b745c35f8828d"
    integrity sha1-mR7GnSluAxN0fVm9/St0XDX4go0=
  
  "safer-buffer@>= 2.1.2 < 3", safer-buffer@^2.0.2, safer-buffer@^2.1.0, safer-buffer@~2.1.0:
    version "2.1.2"
    resolved "https://registry.npm.taobao.org/safer-buffer/download/safer-buffer-2.1.2.tgz?cache=0&other_urls=https%3A%2F%2Fregistry.npm.taobao.org%2Fsafer-buffer%2Fdownload%2Fsafer-buffer-2.1.2.tgz#44fa161b0187b9549dd84bb91802f9bd8385cd6a"
    integrity sha1-RPoWGwGHuVSd2Eu5GAL5vYOFzWo=
  
  selenium-server@^3.141.59:
    version "3.141.59"
    resolved "https://registry.npm.taobao.org/selenium-server/download/selenium-server-3.141.59.tgz#cbefdf50aae636ee4c67b819532a8233ce3fd6b0"
    integrity sha1-y+/fUKrmNu5MZ7gZUyqCM84/1rA=
  
  setprototypeof@1.1.1:
    version "1.1.1"
    resolved "https://registry.npm.taobao.org/setprototypeof/download/setprototypeof-1.1.1.tgz#7e95acb24aa92f5885e0abef5ba131330d4ae683"
    integrity sha1-fpWsskqpL1iF4KvvW6ExMw1K5oM=
  
  smart-buffer@4.0.2:
    version "4.0.2"
    resolved "https://registry.npm.taobao.org/smart-buffer/download/smart-buffer-4.0.2.tgz#5207858c3815cc69110703c6b94e46c15634395d"
    integrity sha1-UgeFjDgVzGkRBwPGuU5GwVY0OV0=
  
  socks-proxy-agent@^4.0.1:
    version "4.0.2"
    resolved "https://registry.npm.taobao.org/socks-proxy-agent/download/socks-proxy-agent-4.0.2.tgz#3c8991f3145b2799e70e11bd5fbc8b1963116386"
    integrity sha1-PImR8xRbJ5nnDhG9X7yLGWMRY4Y=
    dependencies:
      agent-base "~4.2.1"
      socks "~2.3.2"
  
  socks@~2.3.2:
    version "2.3.2"
    resolved "https://registry.npm.taobao.org/socks/download/socks-2.3.2.tgz#ade388e9e6d87fdb11649c15746c578922a5883e"
    integrity sha1-reOI6ebYf9sRZJwVdGxXiSKliD4=
    dependencies:
      ip "^1.1.5"
      smart-buffer "4.0.2"
  
  source-map@~0.6.1:
    version "0.6.1"
    resolved "https://registry.npm.taobao.org/source-map/download/source-map-0.6.1.tgz#74722af32e9614e9c287a8d0bbde48b5e2f1a263"
    integrity sha1-dHIq8y6WFOnCh6jQu95IteLxomM=
  
  sshpk@^1.7.0:
    version "1.16.1"
    resolved "https://registry.npm.taobao.org/sshpk/download/sshpk-1.16.1.tgz#fb661c0bef29b39db40769ee39fa70093d6f6877"
    integrity sha1-+2YcC+8ps520B2nuOfpwCT1vaHc=
    dependencies:
      asn1 "~0.2.3"
      assert-plus "^1.0.0"
      bcrypt-pbkdf "^1.0.0"
      dashdash "^1.12.0"
      ecc-jsbn "~0.1.1"
      getpass "^0.1.1"
      jsbn "~0.1.0"
      safer-buffer "^2.0.2"
      tweetnacl "~0.14.0"
  
  "statuses@>= 1.5.0 < 2":
    version "1.5.0"
    resolved "https://registry.npm.taobao.org/statuses/download/statuses-1.5.0.tgz#161c7dac177659fd9811f43771fa99381478628c"
    integrity sha1-Fhx9rBd2Wf2YEfQ3cfqZOBR4Yow=
  
  string_decoder@^1.1.1:
    version "1.2.0"
    resolved "https://registry.npm.taobao.org/string_decoder/download/string_decoder-1.2.0.tgz#fe86e738b19544afe70469243b2a1ee9240eae8d"
    integrity sha1-/obnOLGVRK/nBGkkOyoe6SQOro0=
    dependencies:
      safe-buffer "~5.1.0"
  
  string_decoder@~0.10.x:
    version "0.10.31"
    resolved "https://registry.npm.taobao.org/string_decoder/download/string_decoder-0.10.31.tgz#62e203bc41766c6c28c9fc84301dab1c5310fa94"
    integrity sha1-YuIDvEF2bGwoyfyEMB2rHFMQ+pQ=
  
  string_decoder@~1.1.1:
    version "1.1.1"
    resolved "https://registry.npm.taobao.org/string_decoder/download/string_decoder-1.1.1.tgz#9cf1611ba62685d7030ae9e4ba34149c3af03fc8"
    integrity sha1-nPFhG6YmhdcDCunkujQUnDrwP8g=
    dependencies:
      safe-buffer "~5.1.0"
  
  supports-color@5.4.0:
    version "5.4.0"
    resolved "https://registry.npm.taobao.org/supports-color/download/supports-color-5.4.0.tgz#1c6b337402c2137605efe19f10fec390f6faab54"
    integrity sha1-HGszdALCE3YF7+GfEP7DkPb6q1Q=
    dependencies:
      has-flag "^3.0.0"
  
  tar@4.4.2:
    version "4.4.2"
    resolved "https://registry.npm.taobao.org/tar/download/tar-4.4.2.tgz?cache=0&other_urls=https%3A%2F%2Fregistry.npm.taobao.org%2Ftar%2Fdownload%2Ftar-4.4.2.tgz#60685211ba46b38847b1ae7ee1a24d744a2cd462"
    integrity sha1-YGhSEbpGs4hHsa5+4aJNdEos1GI=
    dependencies:
      chownr "^1.0.1"
      fs-minipass "^1.2.5"
      minipass "^2.2.4"
      minizlib "^1.1.0"
      mkdirp "^0.5.0"
      safe-buffer "^5.1.2"
      yallist "^3.0.2"
  
  tcp-port-used@^1.0.1:
    version "1.0.1"
    resolved "https://registry.npm.taobao.org/tcp-port-used/download/tcp-port-used-1.0.1.tgz#46061078e2d38c73979a2c2c12b5a674e6689d70"
    integrity sha1-RgYQeOLTjHOXmiwsErWmdOZonXA=
    dependencies:
      debug "4.1.0"
      is2 "2.0.1"
  
  thunkify@^2.1.2:
    version "2.1.2"
    resolved "https://registry.npm.taobao.org/thunkify/download/thunkify-2.1.2.tgz#faa0e9d230c51acc95ca13a361ac05ca7e04553d"
    integrity sha1-+qDp0jDFGsyVyhOjYawFyn4EVT0=
  
  timed-out@^2.0.0:
    version "2.0.0"
    resolved "https://registry.npm.taobao.org/timed-out/download/timed-out-2.0.0.tgz#f38b0ae81d3747d628001f41dafc652ace671c0a"
    integrity sha1-84sK6B03R9YoAB9B2vxlKs5nHAo=
  
  toidentifier@1.0.0:
    version "1.0.0"
    resolved "https://registry.npm.taobao.org/toidentifier/download/toidentifier-1.0.0.tgz#7e1be3470f1e77948bc43d94a3c8f4d7752ba553"
    integrity sha1-fhvjRw8ed5SLxD2Uo8j013UrpVM=
  
  tough-cookie@~2.4.3:
    version "2.4.3"
    resolved "https://registry.npm.taobao.org/tough-cookie/download/tough-cookie-2.4.3.tgz#53f36da3f47783b0925afa06ff9f3b165280f781"
    integrity sha1-U/Nto/R3g7CSWvoG/587FlKA94E=
    dependencies:
      psl "^1.1.24"
      punycode "^1.4.1"
  
  tunnel-agent@^0.6.0:
    version "0.6.0"
    resolved "https://registry.npm.taobao.org/tunnel-agent/download/tunnel-agent-0.6.0.tgz#27a5dea06b36b04a0a9966774b290868f0fc40fd"
    integrity sha1-J6XeoGs2sEoKmWZ3SykIaPD8QP0=
    dependencies:
      safe-buffer "^5.0.1"
  
  tweetnacl@^0.14.3, tweetnacl@~0.14.0:
    version "0.14.5"
    resolved "https://registry.npm.taobao.org/tweetnacl/download/tweetnacl-0.14.5.tgz#5ae68177f192d4456269d108afa93ff8743f4f64"
    integrity sha1-WuaBd/GS1EViadEIr6k/+HQ/T2Q=
  
  type-check@~0.3.2:
    version "0.3.2"
    resolved "https://registry.npm.taobao.org/type-check/download/type-check-0.3.2.tgz#5884cab512cf1d355e3fb784f30804b2b520db72"
    integrity sha1-WITKtRLPHTVeP7eE8wgEsrUg23I=
    dependencies:
      prelude-ls "~1.1.2"
  
  type-detect@0.1.1:
    version "0.1.1"
    resolved "https://registry.npm.taobao.org/type-detect/download/type-detect-0.1.1.tgz#0ba5ec2a885640e470ea4e8505971900dac58822"
    integrity sha1-C6XsKohWQORw6k6FBZcZANrFiCI=
  
  typedarray@^0.0.6:
    version "0.0.6"
    resolved "https://registry.npm.taobao.org/typedarray/download/typedarray-0.0.6.tgz#867ac74e3864187b1d3d47d996a78ec5c8830777"
    integrity sha1-hnrHTjhkGHsdPUfZlqeOxciDB3c=
  
  unpipe@1.0.0:
    version "1.0.0"
    resolved "https://registry.npm.taobao.org/unpipe/download/unpipe-1.0.0.tgz#b2bf4ee8514aae6165b4817829d21b2ef49904ec"
    integrity sha1-sr9O6FFKrmFltIF4KdIbLvSZBOw=
  
  unzip-response@^1.0.0:
    version "1.0.2"
    resolved "https://registry.npm.taobao.org/unzip-response/download/unzip-response-1.0.2.tgz#b984f0877fc0a89c2c773cc1ef7b5b232b5b06fe"
    integrity sha1-uYTwh3/AqJwsdzzB73tbIytbBv4=
  
  uri-js@^4.2.2:
    version "4.2.2"
    resolved "https://registry.npm.taobao.org/uri-js/download/uri-js-4.2.2.tgz#94c540e1ff772956e2299507c010aea6c8838eb0"
    integrity sha1-lMVA4f93KVbiKZUHwBCupsiDjrA=
    dependencies:
      punycode "^2.1.0"
  
  url-parse-lax@^1.0.0:
    version "1.0.0"
    resolved "https://registry.npm.taobao.org/url-parse-lax/download/url-parse-lax-1.0.0.tgz#7af8f303645e9bd79a272e7a14ac68bc0609da73"
    integrity sha1-evjzA2Rem9eaJy56FKxovAYJ2nM=
    dependencies:
      prepend-http "^1.0.1"
  
  util-deprecate@^1.0.1, util-deprecate@~1.0.1:
    version "1.0.2"
    resolved "https://registry.npm.taobao.org/util-deprecate/download/util-deprecate-1.0.2.tgz#450d4dc9fa70de732762fbd2d4a28981419a0ccf"
    integrity sha1-RQ1Nyfpw3nMnYvvS1KKJgUGaDM8=
  
  uuid@^3.3.2:
    version "3.3.2"
    resolved "https://registry.npm.taobao.org/uuid/download/uuid-3.3.2.tgz?cache=0&other_urls=https%3A%2F%2Fregistry.npm.taobao.org%2Fuuid%2Fdownload%2Fuuid-3.3.2.tgz#1b4af4955eb3077c501c23872fc6513811587131"
    integrity sha1-G0r0lV6zB3xQHCOHL8ZROBFYcTE=
  
  verror@1.10.0:
    version "1.10.0"
    resolved "https://registry.npm.taobao.org/verror/download/verror-1.10.0.tgz#3a105ca17053af55d6e270c1f8288682e18da400"
    integrity sha1-OhBcoXBTr1XW4nDB+CiGguGNpAA=
    dependencies:
      assert-plus "^1.0.0"
      core-util-is "1.0.2"
      extsprintf "^1.2.0"
  
  wordwrap@~0.0.2:
    version "0.0.3"
    resolved "https://registry.npm.taobao.org/wordwrap/download/wordwrap-0.0.3.tgz#a3d5da6cd5c0bc0008d37234bbaf1bed63059107"
    integrity sha1-o9XabNXAvAAI03I0u68b7WMFkQc=
  
  wordwrap@~1.0.0:
    version "1.0.0"
    resolved "https://registry.npm.taobao.org/wordwrap/download/wordwrap-1.0.0.tgz#27584810891456a4171c8d0226441ade90cbcaeb"
    integrity sha1-J1hIEIkUVqQXHI0CJkQa3pDLyus=
  
  wrappy@1:
    version "1.0.2"
    resolved "https://registry.npm.taobao.org/wrappy/download/wrappy-1.0.2.tgz#b5243d8f3ec1aa35f1364605bc0d1036e30ab69f"
    integrity sha1-tSQ9jz7BqjXxNkYFvA0QNuMKtp8=
  
  xregexp@2.0.0:
    version "2.0.0"
    resolved "https://registry.npm.taobao.org/xregexp/download/xregexp-2.0.0.tgz#52a63e56ca0b84a7f3a5f3d61872f126ad7a5943"
    integrity sha1-UqY+VsoLhKfzpfPWGHLxJq16WUM=
  
  yallist@^2.1.2:
    version "2.1.2"
    resolved "https://registry.npm.taobao.org/yallist/download/yallist-2.1.2.tgz#1c11f9218f076089a47dd512f93c6699a6a81d52"
    integrity sha1-HBH5IY8HYImkfdUS+TxmmaaoHVI=
  
  yallist@^3.0.0, yallist@^3.0.2:
    version "3.0.3"
    resolved "https://registry.npm.taobao.org/yallist/download/yallist-3.0.3.tgz#b4b049e314be545e3ce802236d6cd22cd91c3de9"
    integrity sha1-tLBJ4xS+VF486AIjbWzSLNkcPek=
  
  yauzl@2.4.1:
    version "2.4.1"
    resolved "https://registry.npm.taobao.org/yauzl/download/yauzl-2.4.1.tgz#9528f442dab1b2284e58b4379bb194e22e0c4005"
    integrity sha1-lSj0QtqxsihOWLQ3m7GU4i4MQAU=
    dependencies:
      fd-slicer "~1.0.1"
